<?xml version="1.0" encoding="UTF-8"?>
<!-- Generated by org.testng.reporters.JUnitReportReporter -->
<testsuite name="third" tests="1" time="21.781" ignored="0" failures="0" timestamp="27 Sep 2019 04:35:10 GMT" skipped="0" hostname="CBT-MH-000" errors="0">
  <testcase name="APITest1" time="21.781" classname="third"/>
</testsuite> <!-- third -->
