<?xml version="1.0" encoding="UTF-8"?>
<!-- Generated by org.testng.reporters.JUnitReportReporter -->
<testsuite name="jsonoutput" tests="1" time="7.087" ignored="0" failures="0" timestamp="26 Sep 2019 05:37:41 GMT" skipped="0" hostname="CBT-MH-000" errors="0">
  <testcase name="APITest1" time="7.087" classname="jsonoutput"/>
</testsuite> <!-- jsonoutput -->
