<?xml version="1.0" encoding="UTF-8"?>
<!-- Generated by org.testng.reporters.JUnitReportReporter -->
<testsuite name="first" tests="1" time="4.977" ignored="0" failures="0" timestamp="26 Sep 2019 04:50:45 GMT" skipped="0" hostname="CBT-MH-000" errors="0">
  <testcase name="APITest" time="4.977" classname="first"/>
</testsuite> <!-- first -->
