<?xml version="1.0" encoding="UTF-8"?>
<!-- Generated by org.testng.reporters.JUnitReportReporter -->
<testsuite name="twitter" tests="1" time="5.427" ignored="0" failures="0" timestamp="09 Oct 2019 09:17:20 GMT" skipped="0" hostname="CBT-MH-000" errors="0">
  <testcase name="createTweet" time="5.427" classname="twitter"/>
</testsuite> <!-- twitter -->
