<?xml version="1.0" encoding="UTF-8"?>
<!-- Generated by org.testng.reporters.JUnitReportReporter -->
<testsuite name="second" tests="3" time="7.398" ignored="0" failures="0" timestamp="09 Oct 2019 11:08:23 GMT" skipped="0" hostname="CBT-MH-000" errors="0">
  <testcase name="APITest1" time="5.222" classname="second"/>
  <testcase name="APITest1" time="1.096" classname="second"/>
  <testcase name="APITest1" time="1.080" classname="second"/>
</testsuite> <!-- second -->
