<?xml version="1.0" encoding="UTF-8"?>
<!-- Generated by org.testng.reporters.JUnitReportReporter -->
<testsuite name="test.Bascis4" tests="2" time="0.009" ignored="0" failures="0" timestamp="18 Sep 2019 09:04:39 GMT" skipped="0" hostname="CBT-MH-000" errors="0">
  <testcase name="MobileDebitCardMethod1" time="0.005" classname="test.Bascis4"/>
  <testcase name="MobileDebitCardMethod2" time="0.004" classname="test.Bascis4"/>
</testsuite> <!-- test.Bascis4 -->
