<?xml version="1.0" encoding="UTF-8"?>
<!-- Generated by org.testng.reporters.JUnitReportReporter -->
<testsuite name="test.GlobalVariables" tests="1" time="6.259" ignored="0" failures="0" timestamp="20 Sep 2019 05:06:12 GMT" skipped="0" hostname="CBT-MH-000" errors="0">
  <testcase name="login" time="6.259" classname="test.GlobalVariables"/>
</testsuite> <!-- test.GlobalVariables -->
