<?xml version="1.0" encoding="UTF-8"?>
<!-- Generated by org.testng.reporters.JUnitReportReporter -->
<testsuite name="test.Basics1" tests="2" time="0.003" ignored="0" failures="0" timestamp="18 Sep 2019 09:04:39 GMT" skipped="0" hostname="CBT-MH-000" errors="0">
  <testcase name="WebCreditCardMethod2" time="0.001" classname="test.Basics1"/>
  <testcase name="WebCreditCardMethod1" time="0.002" classname="test.Basics1"/>
</testsuite> <!-- test.Basics1 -->
