<?xml version="1.0" encoding="UTF-8"?>
<!-- Generated by org.testng.reporters.JUnitReportReporter -->
<testsuite name="test.Basics2" tests="2" time="0.021" ignored="0" failures="0" timestamp="18 Sep 2019 09:04:39 GMT" skipped="0" hostname="CBT-MH-000" errors="0">
  <testcase name="MobileCreditCardMethod2" time="0.017" classname="test.Basics2"/>
  <testcase name="MobileCreditCardMethod1" time="0.004" classname="test.Basics2"/>
</testsuite> <!-- test.Basics2 -->
