<?xml version="1.0" encoding="UTF-8"?>
<!-- Generated by org.testng.reporters.JUnitReportReporter -->
<testsuite name="TestPackage.ValidateLoginPage" tests="1" time="18.129" ignored="0" failures="0" timestamp="04 Oct 2019 11:24:32 GMT" skipped="0" hostname="CBT-MH-000" errors="0">
  <testcase name="CheckHomePage" time="18.129" classname="TestPackage.ValidateLoginPage"/>
</testsuite> <!-- TestPackage.ValidateLoginPage -->
