<?xml version="1.0" encoding="UTF-8"?>
<!-- Generated by org.testng.reporters.JUnitReportReporter -->
<testsuite name="TestPackage.ValidateHotelSearch" tests="1" time="39.897" ignored="0" failures="0" timestamp="11 Oct 2019 08:29:46 GMT" skipped="0" hostname="CBT-MH-000" errors="0">
  <testcase name="CheckHotelSearch" time="39.897" classname="TestPackage.ValidateHotelSearch"/>
</testsuite> <!-- TestPackage.ValidateHotelSearch -->
