<?xml version="1.0" encoding="UTF-8"?>
<!-- Generated by org.testng.reporters.JUnitReportReporter -->
<testsuite name="TestPackage.ValidateCarSearch" tests="1" time="56.300" ignored="0" failures="0" timestamp="04 Oct 2019 09:06:38 GMT" skipped="0" hostname="CBT-MH-000" errors="0">
  <testcase name="CheckCarSearch" time="56.300" classname="TestPackage.ValidateCarSearch"/>
</testsuite> <!-- TestPackage.ValidateCarSearch -->
