<?xml version="1.0" encoding="UTF-8"?>
<!-- Generated by org.testng.reporters.JUnitReportReporter -->
<testsuite name="PageObjects.CarSearch" tests="1" time="84.750" ignored="0" failures="0" timestamp="03 Oct 2019 10:56:43 GMT" skipped="0" hostname="CBT-MH-000" errors="0">
  <testcase name="Search" time="84.750" classname="PageObjects.CarSearch"/>
</testsuite> <!-- PageObjects.CarSearch -->
