<?xml version="1.0" encoding="UTF-8"?>
<!-- Generated by org.testng.reporters.JUnitReportReporter -->
<testsuite name="PageObjects.HotelSearch" tests="1" time="38.978" ignored="0" failures="0" timestamp="11 Oct 2019 08:20:58 GMT" skipped="0" hostname="CBT-MH-000" errors="0">
  <testcase name="Search" time="38.978" classname="PageObjects.HotelSearch"/>
</testsuite> <!-- PageObjects.HotelSearch -->
